\BOOKMARK [-1][]{ctitle.-1}{\376\377\145\160\143\156\116\055\137\303\177\121\176\334\116\055\166\204\136\224\165\050\124\036\124\020\163\207\124\214\136\366\217\337\117\030\123\026}{}% 1
\BOOKMARK [0][]{thuchapter.1.0}{\376\377\144\130\000\040\211\201}{ctitle.-1}% 2
\BOOKMARK [0][]{thuchapter.2.0}{\376\377\000A\000b\000s\000t\000r\000a\000c\000t}{ctitle.-1}% 3
\BOOKMARK [0][]{thuchapter.3.0}{\376\377\166\356\000\040\137\125}{ctitle.-1}% 4
\BOOKMARK [0][]{thuchapter.4.0}{\376\377\116\073\211\201\173\046\123\367\133\371\161\147\210\150}{ctitle.-1}% 5
\BOOKMARK [0][]{chapter.1}{\376\377\173\054\0001\172\340\000\040\137\025\212\000}{ctitle.-1}% 6
\BOOKMARK [1][-]{section.1.1}{\376\377\0001\000.\0001\000\040\170\024\172\166\200\314\146\157\124\214\170\024\172\166\141\017\116\111}{chapter.1}% 7
\BOOKMARK [1][-]{section.1.2}{\376\377\0001\000.\0002\000\040\213\272\145\207\170\024\172\166\121\205\133\271}{chapter.1}% 8
\BOOKMARK [1][-]{section.1.3}{\376\377\0001\000.\0003\000\040\213\272\145\207\166\204\116\073\211\201\215\041\163\056}{chapter.1}% 9
\BOOKMARK [1][-]{section.1.4}{\376\377\0001\000.\0004\000\040\213\272\145\207\166\204\176\304\176\307\176\323\147\204}{chapter.1}% 10
\BOOKMARK [0][]{chapter.2}{\376\377\173\054\0002\172\340\000\040\166\370\121\163\145\207\163\056\176\374\217\360}{ctitle.-1}% 11
\BOOKMARK [1][-]{section.2.1}{\376\377\0002\000.\0001\000\040\147\054\172\340\137\025\212\000}{chapter.2}% 12
\BOOKMARK [1][-]{section.2.2}{\376\377\0002\000.\0002\000\040\145\160\143\156\116\055\137\303\136\224\165\050\117\040\217\223\151\202\217\360}{chapter.2}% 13
\BOOKMARK [2][-]{subsection.2.2.1}{\376\377\0002\000.\0002\000.\0001\000\040\122\006\136\003\137\017\136\224\165\050\166\204\177\026\172\013\152\041\127\213}{section.2.2}% 14
\BOOKMARK [2][-]{subsection.2.2.2}{\376\377\0002\000.\0002\000.\0002\000\040\177\121\176\334\155\101\221\317\162\171\137\201\122\006\147\220}{section.2.2}% 15
\BOOKMARK [2][-]{subsection.2.2.3}{\376\377\0002\000.\0002\000.\0003\000\040\000T\000C\000P\117\040\217\223\133\130\127\050\166\204\225\356\230\230}{section.2.2}% 16
\BOOKMARK [1][-]{section.2.3}{\376\377\0002\000.\0003\000\040\145\260\127\213\145\160\143\156\116\055\137\303\177\121\176\334\136\224\165\050\117\040\217\223\145\271\150\110}{chapter.2}% 17
\BOOKMARK [2][-]{subsection.2.3.1}{\376\377\0002\000.\0003\000.\0001\000\040\145\160\143\156\116\055\137\303\117\040\217\223\117\030\123\026\145\271\154\325\122\006\174\173}{section.2.3}% 18
\BOOKMARK [2][-]{subsection.2.3.2}{\376\377\0002\000.\0003\000.\0002\000\040\155\101\176\247\122\053\117\040\217\223\117\030\123\026\145\271\150\110}{section.2.3}% 19
\BOOKMARK [2][-]{subsection.2.3.3}{\376\377\0002\000.\0003\000.\0003\000\040\116\373\122\241\176\247\122\053\117\040\217\223\117\030\123\026\145\271\150\110}{section.2.3}% 20
\BOOKMARK [2][-]{subsection.2.3.4}{\376\377\0002\000.\0003\000.\0004\000\040\145\260\127\213\145\160\143\156\116\055\137\303\117\040\217\223\145\271\150\110\133\130\127\050\166\204\225\356\230\230}{section.2.3}% 21
\BOOKMARK [1][-]{section.2.4}{\376\377\0002\000.\0004\000\040\147\054\172\340\134\017\176\323}{chapter.2}% 22
\BOOKMARK [0][]{chapter.3}{\376\377\173\054\0003\172\340\000\040\127\372\116\216\215\037\217\175\201\352\220\002\136\224\123\237\122\031\166\204\117\040\217\223\117\030\123\026\145\271\150\110}{ctitle.-1}% 23
\BOOKMARK [1][-]{section.3.1}{\376\377\0003\000.\0001\000\040\151\202\217\360}{chapter.3}% 24
\BOOKMARK [1][-]{section.3.2}{\376\377\0003\000.\0002\000\040\170\024\172\166\122\250\147\072}{chapter.3}% 25
\BOOKMARK [1][-]{section.3.3}{\376\377\0003\000.\0003\000\040\040\034\215\212\142\345\130\136\377\014\215\212\123\072\122\006\040\035\166\204\213\276\213\241\123\237\122\031}{chapter.3}% 26
\BOOKMARK [2][-]{subsection.3.3.1}{\376\377\0003\000.\0003\000.\0001\000\040\000D\0002\000T\000C\000P\122\006\147\220}{section.3.3}% 27
\BOOKMARK [2][-]{subsection.3.3.2}{\376\377\0003\000.\0003\000.\0002\000\040\127\372\116\216\142\052\153\142\147\037\226\120\166\204\220\037\163\207\143\247\122\066\173\126\165\145\213\276\213\241\123\237\122\031}{section.3.3}% 28
\BOOKMARK [1][-]{section.3.4}{\376\377\0003\000.\0004\000\040\153\143\153\324\215\037\217\175\135\356\122\006\173\126\165\145\000\050\000L\000P\000D\000\051\116\345\123\312\122\006\147\220}{chapter.3}% 29
\BOOKMARK [2][-]{subsection.3.4.1}{\376\377\0003\000.\0004\000.\0001\000\040\153\143\153\324\215\037\217\175\135\356\122\006\173\126\165\145\000\050\000L\000P\000D\000\051}{section.3.4}% 30
\BOOKMARK [2][-]{subsection.3.4.2}{\376\377\0003\000.\0004\000.\0002\000\040\000L\000P\000D\173\200\123\125\122\006\147\220}{section.3.4}% 31
\BOOKMARK [2][-]{subsection.3.4.3}{\376\377\0003\000.\0004\000.\0003\000\040\000L\000P\000D\142\323\134\125}{section.3.4}% 32
\BOOKMARK [1][-]{section.3.5}{\376\377\0003\000.\0005\000\040\127\372\116\216\000\040\000E\000C\000N\000\040\150\007\213\260\166\204\155\101\117\040\217\223\152\041\127\213}{chapter.3}% 33
\BOOKMARK [2][-]{subsection.3.5.1}{\376\377\0003\000.\0005\000.\0001\000\040\127\072\146\157\143\317\217\360}{section.3.5}% 34
\BOOKMARK [2][-]{subsection.3.5.2}{\376\377\0003\000.\0005\000.\0002\000\040\127\372\116\216\000E\000C\000N\150\007\213\260\155\101\152\041\127\213}{section.3.5}% 35
\BOOKMARK [2][-]{subsection.3.5.3}{\376\377\0003\000.\0005\000.\0003\000\040\000L\000P\000D\155\101\152\041\127\213}{section.3.5}% 36
\BOOKMARK [1][-]{section.3.6}{\376\377\0003\000.\0006\000\040\133\236\232\214\232\214\213\301}{chapter.3}% 37
\BOOKMARK [2][-]{subsection.3.6.1}{\376\377\0003\000.\0006\000.\0001\000\040\000L\000P\000D\221\315\136\246\215\037\217\175\116\013\140\047\200\375\232\214\213\301}{section.3.6}% 38
\BOOKMARK [2][-]{subsection.3.6.2}{\376\377\0003\000.\0006\000.\0002\000\040\123\302\145\160\220\011\142\351}{section.3.6}% 39
\BOOKMARK [2][-]{subsection.3.6.3}{\376\377\0003\000.\0006\000.\0003\000\040\116\377\167\037\155\113\213\325}{section.3.6}% 40
\BOOKMARK [2][-]{subsection.3.6.4}{\376\377\0003\000.\0006\000.\0004\000\040\167\037\133\236\163\257\130\203\116\013\155\113\213\325}{section.3.6}% 41
\BOOKMARK [1][-]{section.3.7}{\376\377\0003\000.\0007\000\040\133\371\040\034\215\212\142\345\130\136\377\014\215\212\123\072\122\006\040\035\123\237\122\031\166\204\213\250\213\272}{chapter.3}% 42
\BOOKMARK [2][-]{subsection.3.7.1}{\376\377\0003\000.\0007\000.\0001\000\040\116\015\124\014\166\204\140\351\177\132\121\375\145\160}{section.3.7}% 43
\BOOKMARK [2][-]{subsection.3.7.2}{\376\377\0003\000.\0007\000.\0002\000\040\117\177\165\050\121\166\116\326\134\136\140\047}{section.3.7}% 44
\BOOKMARK [1][-]{section.3.8}{\376\377\0003\000.\0008\000\040\147\054\172\340\140\073\176\323}{chapter.3}% 45
\BOOKMARK [0][]{chapter.4}{\376\377\173\054\0004\172\340\000\040\127\372\116\216\155\101\143\001\176\355\145\366\225\364\166\204\117\040\217\223\117\030\123\026\145\271\150\110}{ctitle.-1}% 46
\BOOKMARK [1][-]{section.4.1}{\376\377\0004\000.\0001\000\040\151\202\217\360}{chapter.4}% 47
\BOOKMARK [1][-]{section.4.2}{\376\377\0004\000.\0002\000\040\170\024\172\166\122\250\147\072}{chapter.4}% 48
\BOOKMARK [1][-]{section.4.3}{\376\377\0004\000.\0003\000\040\127\372\116\216\155\101\143\001\176\355\145\366\225\364\166\204\220\037\163\207\143\247\122\066\377\010\000F\000D\000R\000C\377\011\173\126\165\145}{chapter.4}% 49
\BOOKMARK [2][-]{subsection.4.3.1}{\376\377\0004\000.\0003\000.\0001\000\040\127\372\116\216\155\101\143\001\176\355\145\366\225\364\166\204\220\037\163\207\143\247\122\066\377\010\000F\000D\000R\000C\377\011\173\126\165\145}{section.4.3}% 50
\BOOKMARK [2][-]{subsection.4.3.2}{\376\377\0004\000.\0003\000.\0002\000\040\000F\000D\000R\000C\000\040\122\006\147\220}{section.4.3}% 51
\BOOKMARK [1][-]{section.4.4}{\376\377\0004\000.\0004\000\040\133\236\232\214\232\214\213\301}{chapter.4}% 52
\BOOKMARK [2][-]{subsection.4.4.1}{\376\377\0004\000.\0004\000.\0001\000\040\000F\000D\000R\000C\133\371\155\367\124\010\127\072\146\157\117\030\123\026}{section.4.4}% 53
\BOOKMARK [2][-]{subsection.4.4.2}{\376\377\0004\000.\0004\000.\0002\000\040\116\377\167\037\116\377\167\037}{section.4.4}% 54
\BOOKMARK [2][-]{subsection.4.4.3}{\376\377\0004\000.\0004\000.\0003\000\040\167\037\133\236\163\257\130\203\116\013\166\204\155\113\213\325\136\212\155\113\213\325}{section.4.4}% 55
\BOOKMARK [1][-]{section.4.5}{\376\377\0004\000.\0005\000\040\147\054\172\340\140\073\176\323}{chapter.4}% 56
\BOOKMARK [0][]{chapter.5}{\376\377\173\054\0005\172\340\000\040\127\372\116\216\155\101\117\341\140\157\166\204\116\373\122\241\176\247\117\040\217\223\117\030\123\026\145\271\150\110}{ctitle.-1}% 57
\BOOKMARK [1][-]{section.5.1}{\376\377\0005\000.\0001\000\040\151\202\217\360}{chapter.5}% 58
\BOOKMARK [1][-]{section.5.2}{\376\377\0005\000.\0002\000\040\170\024\172\166\122\250\147\072}{chapter.5}% 59
\BOOKMARK [1][-]{section.5.3}{\376\377\0005\000.\0003\000\040\225\356\230\230\122\006\147\220\124\214\116\373\122\241\176\247\117\040\217\223\117\030\123\026\152\041\127\213}{chapter.5}% 60
\BOOKMARK [2][-]{subsection.5.3.1}{\376\377\0005\000.\0003\000.\0001\000\040\177\121\176\334\152\041\127\213\124\214\117\040\217\223\116\373\122\241\133\232\116\111}{section.5.3}% 61
\BOOKMARK [2][-]{subsection.5.3.2}{\376\377\0005\000.\0003\000.\0002\000\040\155\101\176\304\214\003\136\246\124\214\137\000\145\076\136\166\210\114\125\106\136\227\225\356\230\230}{section.5.3}% 62
\BOOKMARK [2][-]{subsection.5.3.3}{\376\377\0005\000.\0003\000.\0003\000\040\171\273\176\277\173\227\154\325\124\214\217\321\117\074\136\246\213\301\146\016}{section.5.3}% 63
\BOOKMARK [1][-]{section.5.4}{\376\377\0005\000.\0004\000\040\176\240\122\040\170\001\133\130\120\250\174\373\176\337\117\040\217\223\117\030\123\026\173\227\154\325\124\214\122\006\147\220}{chapter.5}% 64
\BOOKMARK [2][-]{subsection.5.4.1}{\376\377\0005\000.\0004\000.\0001\000\040\225\356\230\230\133\232\116\111}{section.5.4}% 65
\BOOKMARK [2][-]{subsection.5.4.2}{\376\377\0005\000.\0004\000.\0002\000\040\156\220\220\011\142\351\225\356\230\230}{section.5.4}% 66
\BOOKMARK [2][-]{subsection.5.4.3}{\376\377\0005\000.\0004\000.\0003\000\040\000D\000-\000T\000a\000r\000g\000e\000t\166\204\213\276\213\241}{section.5.4}% 67
\BOOKMARK [1][-]{section.5.5}{\376\377\0005\000.\0005\000\040\133\236\232\214\232\214\213\301}{chapter.5}% 68
\BOOKMARK [2][-]{subsection.5.5.1}{\376\377\0005\000.\0005\000.\0001\000\040\116\377\167\037\155\113\213\325}{section.5.5}% 69
\BOOKMARK [2][-]{subsection.5.5.2}{\376\377\0005\000.\0005\000.\0002\000\040\167\037\133\236\155\101\221\317\116\377\167\037}{section.5.5}% 70
\BOOKMARK [2][-]{subsection.5.5.3}{\376\377\0005\000.\0005\000.\0003\000\040\116\015\124\014\213\276\177\156\116\013\140\047\200\375}{section.5.5}% 71
\BOOKMARK [2][-]{subsection.5.5.4}{\376\377\0005\000.\0005\000.\0004\000\040\171\273\176\277\173\227\154\325\124\214\127\050\176\277\173\227\154\325\116\113\225\364\166\204\135\356\137\002}{section.5.5}% 72
\BOOKMARK [1][-]{section.5.6}{\376\377\0005\000.\0006\000\040\147\054\172\340\140\073\176\323}{chapter.5}% 73
\BOOKMARK [0][]{chapter.6}{\376\377\173\054\0006\172\340\000\040\127\372\116\216\221\315\211\201\140\047\124\214\177\121\176\334\142\345\130\136\166\204\116\373\122\241\117\040\217\223\214\003\136\246\145\271\150\110}{ctitle.-1}% 74
\BOOKMARK [1][-]{section.6.1}{\376\377\0006\000.\0001\000\040\151\202\217\360}{chapter.6}% 75
\BOOKMARK [1][-]{section.6.2}{\376\377\0006\000.\0002\000\040\170\024\172\166\122\250\147\072\124\214\166\370\121\163\135\345\117\134}{chapter.6}% 76
\BOOKMARK [1][-]{section.6.3}{\376\377\0006\000.\0003\000\040\000Y\000o\000s\000e\000m\000i\000t\000e\173\227\154\325\213\276\213\241}{chapter.6}% 77
\BOOKMARK [2][-]{subsection.6.3.1}{\376\377\0006\000.\0003\000.\0001\000\040\173\200\123\125\171\273\176\277\173\227\154\325}{section.6.3}% 78
\BOOKMARK [2][-]{subsection.6.3.2}{\376\377\0006\000.\0003\000.\0002\000\040\000Y\000o\000s\000e\000m\000i\000t\000e\173\227\154\325}{section.6.3}% 79
\BOOKMARK [1][-]{section.6.4}{\376\377\0006\000.\0004\000\040\133\236\232\214\232\214\213\301}{chapter.6}% 80
\BOOKMARK [2][-]{subsection.6.4.1}{\376\377\0006\000.\0004\000.\0001\000\040\116\377\167\037\145\271\154\325\116\313\176\315}{section.6.4}% 81
\BOOKMARK [2][-]{subsection.6.4.2}{\376\377\0006\000.\0004\000.\0002\000\040\145\160\143\156\116\055\137\303\167\037\133\236\155\101\221\317\116\377\167\037\155\113\213\325}{section.6.4}% 82
\BOOKMARK [2][-]{subsection.6.4.3}{\376\377\0006\000.\0004\000.\0003\000\040\000Y\000o\000s\000e\000m\000i\000t\000e\000\040\162\171\140\047\213\250\213\272}{section.6.4}% 83
\BOOKMARK [2][-]{subsection.6.4.4}{\376\377\0006\000.\0004\000.\0004\000\040\127\050\176\277\173\126\165\145\124\214\171\273\176\277\173\126\165\145\166\204\135\356\215\335}{section.6.4}% 84
\BOOKMARK [1][-]{section.6.5}{\376\377\0006\000.\0005\000\040\147\054\172\340\134\017\176\323}{chapter.6}% 85
\BOOKMARK [0][]{chapter.7}{\376\377\173\054\0007\172\340\000\040\145\160\143\156\116\055\137\303\117\040\217\223\174\373\176\337\124\214\140\047\200\375\213\304\117\060}{ctitle.-1}% 86
\BOOKMARK [1][-]{section.7.1}{\376\377\0007\000.\0001\000\040\151\202\217\360}{chapter.7}% 87
\BOOKMARK [1][-]{section.7.2}{\376\377\0007\000.\0002\000\040\000F\000l\000y\000T\000r\000a\000n\000s\000f\000e\000r\174\373\176\337}{chapter.7}% 88
\BOOKMARK [2][-]{subsection.7.2.1}{\376\377\0007\000.\0002\000.\0001\000\040\000F\000l\000y\000T\000r\000a\000n\000s\000f\000e\000r\147\266\147\204}{section.7.2}% 89
\BOOKMARK [2][-]{subsection.7.2.2}{\376\377\0007\000.\0002\000.\0002\000\040\000F\000l\000y\000T\000r\000a\000n\000s\000f\000e\000r\176\304\116\366}{section.7.2}% 90
\BOOKMARK [2][-]{subsection.7.2.3}{\376\377\0007\000.\0002\000.\0003\000\040\000b\000a\000c\000k\000u\000p\176\304\116\366}{section.7.2}% 91
\BOOKMARK [1][-]{section.7.3}{\376\377\0007\000.\0003\000\040\140\047\200\375\213\304\117\060}{chapter.7}% 92
\BOOKMARK [2][-]{subsection.7.3.1}{\376\377\0007\000.\0003\000.\0001\000\040\116\373\122\241\176\247\117\030\123\026\133\371\153\324}{section.7.3}% 93
\BOOKMARK [2][-]{subsection.7.3.2}{\376\377\0007\000.\0003\000.\0002\000\040\155\101\176\247\117\030\123\026\133\371\153\324}{section.7.3}% 94
\BOOKMARK [2][-]{subsection.7.3.3}{\376\377\0007\000.\0003\000.\0003\000\040\174\373\176\337\137\000\225\000}{section.7.3}% 95
\BOOKMARK [1][-]{section.7.4}{\376\377\0007\000.\0004\000\040\147\054\172\340\134\017\176\323}{chapter.7}% 96
\BOOKMARK [0][]{chapter.8}{\376\377\173\054\0008\172\340\000\040\140\073\176\323\124\214\134\125\147\033}{ctitle.-1}% 97
\BOOKMARK [1][-]{section.8.1}{\376\377\0008\000.\0001\000\040\213\272\145\207\140\073\176\323}{chapter.8}% 98
\BOOKMARK [1][-]{section.8.2}{\376\377\0008\000.\0002\000\040\217\333\116\000\153\145\170\024\172\166\135\345\117\134}{chapter.8}% 99
\BOOKMARK [0][]{section*.94}{\376\377\123\302\200\003\145\207\163\056}{ctitle.-1}% 100
\BOOKMARK [0][]{section*.96}{\376\377\201\364\000\040\214\042}{ctitle.-1}% 101
\BOOKMARK [0][]{section*.98}{\376\377\130\360\000\040\146\016}{ctitle.-1}% 102
\BOOKMARK [0][]{section*.100}{\376\377\116\052\116\272\173\200\123\206\060\001\127\050\133\146\147\037\225\364\123\321\210\150\166\204\133\146\147\057\213\272\145\207\116\016\170\024\172\166\142\020\147\234}{ctitle.-1}% 103
