This is XeTeX, Version 3.14159265-2.6-0.99998 (TeX Live 2017) (preloaded format=xelatex 2017.12.29)  22 MAR 2018 15:58
entering extended mode
 restricted \write18 enabled.
 file:line:error style messages enabled.
 %&-line parsing enabled.
**chap07.tex
(./chap07.tex
LaTeX2e <2017-04-15>
Babel <3.15> and hyphenation patterns for 84 language(s) loaded.
./chap07.tex:1: Undefined control sequence.
l.1 \chapter
            {基于重要性和网络拥塞的任务传输调度方案}
? 
./chap07.tex:1: Emergency stop.
l.1 \chapter
            {基于重要性和网络拥塞的任务传输调度方案}
End of file on the terminal!

 
Here is how much of TeX's memory you used:
 4 strings out of 493010
 38 string characters out of 6134663
 61747 words of memory out of 5000000
 4072 multiletter control sequences out of 15000+600000
 3640 words of font info for 14 fonts, out of 8000000 for 9000
 1348 hyphenation exceptions out of 8191
 5i,0n,1p,42b,8s stack positions out of 5000i,500n,10000p,200000b,80000s
No pages of output.
